                  :-) GROMACS - gmx mdrun, 2021.1-MODIFIED (-:

                            GROMACS is written by:
     Andrey Alekseenko              Emile Apol              Rossen Apostolov     
         Paul Bauer           Herman J.C. Berendsen           Par Bjelkmar       
       Christian Blau           Viacheslav Bolnykh             Kevin Boyd        
     Aldert van Buuren           Rudi van Drunen             Anton Feenstra      
    Gilles Gouaillardet             Alan Gray               Gerrit Groenhof      
       Anca Hamuraru            Vincent Hindriksen          M. Eric Irrgang      
      Aleksei Iupinov           Christoph Junghans             Joe Jordan        
    Dimitrios Karkoulis            Peter Kasson                Jiri Kraus        
      Carsten Kutzner              Per Larsson              Justin A. Lemkul     
       Viveca Lindahl            Magnus Lundborg             Erik Marklund       
        Pascal Merz             Pieter Meulenhoff            Teemu Murtola       
        Szilard Pall               Sander Pronk              Roland Schulz       
       Michael Shirts            Alexey Shvetsov             Alfons Sijbers      
       Peter Tieleman              Jon Vincent              Teemu Virolainen     
     Christian Wennberg            Maarten Wolf              Artem Zhmurov       
                           and the project leaders:
        Mark Abraham, Berk Hess, Erik Lindahl, and David van der Spoel

Copyright (c) 1991-2000, University of Groningen, The Netherlands.
Copyright (c) 2001-2019, The GROMACS development team at
Uppsala University, Stockholm University and
the Royal Institute of Technology, Sweden.
check out http://www.gromacs.org for more information.

GROMACS is free software; you can redistribute it and/or modify it
under the terms of the GNU Lesser General Public License
as published by the Free Software Foundation; either version 2.1
of the License, or (at your option) any later version.

GROMACS:      gmx mdrun, version 2021.1-MODIFIED
Executable:   /home/nherringer/gromacs-2021.1/installed-files/bin/gmx
Data prefix:  /home/nherringer/gromacs-2021.1/installed-files
Working dir:  /project2/andrewferguson/Nick/MESA/GenPIV/NaCL_unbiased_NVT/2_em
Process ID:   192997
Command line:
  gmx mdrun -ntomp 10 -v -deffnm nvt

GROMACS version:    2021.1-MODIFIED
This program has been built from source code that has been altered and does not match the code released as part of the official GROMACS version 2021.1-MODIFIED. If you did not intend to use an altered GROMACS version, make sure to download an intact source distribution and compile that before proceeding.
If you have modified the source code, you are strongly encouraged to set your custom version suffix (using -DGMX_VERSION_STRING_OF_FORK) which will can help later with scientific reproducibility but also when reporting bugs.
Release checksum: 8c24bff5d3f78b0a9afb16e880b5667e5affe9a686d462482bac20ce975492c6
Computed checksum: 0bbf7c535d8149efb99e340ebac9a5d6101b70de0fc0f095f23e9b27928edadd
Precision:          mixed
Memory model:       64 bit
MPI library:        MPI
OpenMP support:     enabled (GMX_OPENMP_MAX_THREADS = 64)
GPU support:        CUDA
SIMD instructions:  AVX2_256
FFT library:        fftw-3.3.8-sse2-avx-avx2-avx2_128
RDTSCP usage:       enabled
TNG support:        enabled
Hwloc support:      disabled
Tracing support:    disabled
C compiler:         /software/openmpi-3.1.2-el7-x86_64/bin/mpicc GNU 10.2.0
C compiler flags:   -mavx2 -mfma -Wno-missing-field-initializers -fexcess-precision=fast -funroll-all-loops -O3 -DNDEBUG
C++ compiler:       /software/openmpi-3.1.2-el7-x86_64/bin/mpicxx GNU 10.2.0
C++ compiler flags: -mavx2 -mfma -Wno-missing-field-initializers -fexcess-precision=fast -funroll-all-loops -fopenmp -O3 -DNDEBUG
CUDA compiler:      /software/cuda-11.2-el7-x86_64/bin/nvcc nvcc: NVIDIA (R) Cuda compiler driver;Copyright (c) 2005-2021 NVIDIA Corporation;Built on Thu_Jan_28_19:32:09_PST_2021;Cuda compilation tools, release 11.2, V11.2.142;Build cuda_11.2.r11.2/compiler.29558016_0
CUDA compiler flags:-std=c++17;-gencode;arch=compute_35,code=sm_35;-gencode;arch=compute_37,code=sm_37;-gencode;arch=compute_50,code=sm_50;-gencode;arch=compute_52,code=sm_52;-gencode;arch=compute_60,code=sm_60;-gencode;arch=compute_61,code=sm_61;-gencode;arch=compute_70,code=sm_70;-gencode;arch=compute_75,code=sm_75;-gencode;arch=compute_80,code=sm_80;-Wno-deprecated-gpu-targets;-gencode;arch=compute_86,code=sm_86;-gencode;arch=compute_35,code=compute_35;-gencode;arch=compute_53,code=compute_53;-gencode;arch=compute_80,code=compute_80;-use_fast_math;;-mavx2 -mfma -Wno-missing-field-initializers -fexcess-precision=fast -funroll-all-loops -fopenmp -O3 -DNDEBUG
CUDA driver:        11.0
CUDA runtime:       11.20


Running on 1 node with total 40 cores, 40 logical cores, 1 compatible GPU
Hardware detected on host midway2-0631.rcc.local (the node of MPI rank 0):
  CPU info:
    Vendor: Intel
    Brand:  Intel(R) Xeon(R) Gold 6148 CPU @ 2.40GHz
    Family: 6   Model: 85   Stepping: 4
    Features: aes apic avx avx2 avx512f avx512cd avx512bw avx512vl avx512secondFMA clfsh cmov cx8 cx16 f16c fma hle htt intel lahf mmx msr nonstop_tsc pcid pclmuldq pdcm pdpe1gb popcnt pse rdrnd rdtscp rtm sse2 sse3 sse4.1 sse4.2 ssse3 tdt x2apic
    Number of AVX-512 FMA units: 2
  Hardware topology: Only logical processor count
  GPU info:
    Number of GPUs detected: 1
    #0: NVIDIA Tesla V100-PCIE-16GB, compute cap.: 7.0, ECC: yes, stat: compatible

Highest SIMD level requested by all nodes in run: AVX_512
SIMD instructions selected at compile time:       AVX2_256
This program was compiled for different hardware than you are running on,
which could influence performance. This build might have been configured on a
login node with only a single AVX-512 FMA unit (in which case AVX2 is faster),
while the node you are running on has dual AVX-512 FMA units.

++++ PLEASE READ AND CITE THE FOLLOWING REFERENCE ++++
M. J. Abraham, T. Murtola, R. Schulz, S. Páll, J. C. Smith, B. Hess, E.
Lindahl
GROMACS: High performance molecular simulations through multi-level
parallelism from laptops to supercomputers
SoftwareX 1 (2015) pp. 19-25
-------- -------- --- Thank You --- -------- --------


++++ PLEASE READ AND CITE THE FOLLOWING REFERENCE ++++
S. Páll, M. J. Abraham, C. Kutzner, B. Hess, E. Lindahl
Tackling Exascale Software Challenges in Molecular Dynamics Simulations with
GROMACS
In S. Markidis & E. Laure (Eds.), Solving Software Challenges for Exascale 8759 (2015) pp. 3-27
-------- -------- --- Thank You --- -------- --------


++++ PLEASE READ AND CITE THE FOLLOWING REFERENCE ++++
S. Pronk, S. Páll, R. Schulz, P. Larsson, P. Bjelkmar, R. Apostolov, M. R.
Shirts, J. C. Smith, P. M. Kasson, D. van der Spoel, B. Hess, and E. Lindahl
GROMACS 4.5: a high-throughput and highly parallel open source molecular
simulation toolkit
Bioinformatics 29 (2013) pp. 845-54
-------- -------- --- Thank You --- -------- --------


++++ PLEASE READ AND CITE THE FOLLOWING REFERENCE ++++
B. Hess and C. Kutzner and D. van der Spoel and E. Lindahl
GROMACS 4: Algorithms for highly efficient, load-balanced, and scalable
molecular simulation
J. Chem. Theory Comput. 4 (2008) pp. 435-447
-------- -------- --- Thank You --- -------- --------


++++ PLEASE READ AND CITE THE FOLLOWING REFERENCE ++++
D. van der Spoel, E. Lindahl, B. Hess, G. Groenhof, A. E. Mark and H. J. C.
Berendsen
GROMACS: Fast, Flexible and Free
J. Comp. Chem. 26 (2005) pp. 1701-1719
-------- -------- --- Thank You --- -------- --------


++++ PLEASE READ AND CITE THE FOLLOWING REFERENCE ++++
E. Lindahl and B. Hess and D. van der Spoel
GROMACS 3.0: A package for molecular simulation and trajectory analysis
J. Mol. Mod. 7 (2001) pp. 306-317
-------- -------- --- Thank You --- -------- --------


++++ PLEASE READ AND CITE THE FOLLOWING REFERENCE ++++
H. J. C. Berendsen, D. van der Spoel and R. van Drunen
GROMACS: A message-passing parallel molecular dynamics implementation
Comp. Phys. Comm. 91 (1995) pp. 43-56
-------- -------- --- Thank You --- -------- --------


++++ PLEASE CITE THE DOI FOR THIS VERSION OF GROMACS ++++
https://doi.org/10.5281/zenodo.4561626
-------- -------- --- Thank You --- -------- --------

Note: 80 CPUs configured, but only 40 were detected to be online.
      X86 Hyperthreading is likely disabled; enable it for better performance.
Input Parameters:
   integrator                     = md
   tinit                          = 0
   dt                             = 0.002
   nsteps                         = 50000
   init-step                      = 0
   simulation-part                = 1
   mts                            = false
   comm-mode                      = Linear
   nstcomm                        = 100
   bd-fric                        = 0
   ld-seed                        = 1630319871
   emtol                          = 10
   emstep                         = 0.01
   niter                          = 20
   fcstep                         = 0
   nstcgsteep                     = 1000
   nbfgscorr                      = 10
   rtpi                           = 0.05
   nstxout                        = 500
   nstvout                        = 500
   nstfout                        = 0
   nstlog                         = 500
   nstcalcenergy                  = 100
   nstenergy                      = 500
   nstxout-compressed             = 0
   compressed-x-precision         = 1000
   cutoff-scheme                  = Verlet
   nstlist                        = 10
   pbc                            = xyz
   periodic-molecules             = false
   verlet-buffer-tolerance        = 0.005
   rlist                          = 1
   coulombtype                    = PME
   coulomb-modifier               = Potential-shift
   rcoulomb-switch                = 0
   rcoulomb                       = 1
   epsilon-r                      = 1
   epsilon-rf                     = inf
   vdw-type                       = Cut-off
   vdw-modifier                   = Potential-shift
   rvdw-switch                    = 0
   rvdw                           = 1
   DispCorr                       = EnerPres
   table-extension                = 1
   fourierspacing                 = 0.16
   fourier-nx                     = 16
   fourier-ny                     = 16
   fourier-nz                     = 16
   pme-order                      = 4
   ewald-rtol                     = 1e-05
   ewald-rtol-lj                  = 0.001
   lj-pme-comb-rule               = Geometric
   ewald-geometry                 = 0
   epsilon-surface                = 0
   tcoupl                         = V-rescale
   nsttcouple                     = 10
   nh-chain-length                = 0
   print-nose-hoover-chain-variables = false
   pcoupl                         = No
   pcoupltype                     = Isotropic
   nstpcouple                     = -1
   tau-p                          = 1
   compressibility (3x3):
      compressibility[    0]={ 0.00000e+00,  0.00000e+00,  0.00000e+00}
      compressibility[    1]={ 0.00000e+00,  0.00000e+00,  0.00000e+00}
      compressibility[    2]={ 0.00000e+00,  0.00000e+00,  0.00000e+00}
   ref-p (3x3):
      ref-p[    0]={ 0.00000e+00,  0.00000e+00,  0.00000e+00}
      ref-p[    1]={ 0.00000e+00,  0.00000e+00,  0.00000e+00}
      ref-p[    2]={ 0.00000e+00,  0.00000e+00,  0.00000e+00}
   refcoord-scaling               = No
   posres-com (3):
      posres-com[0]= 0.00000e+00
      posres-com[1]= 0.00000e+00
      posres-com[2]= 0.00000e+00
   posres-comB (3):
      posres-comB[0]= 0.00000e+00
      posres-comB[1]= 0.00000e+00
      posres-comB[2]= 0.00000e+00
   QMMM                           = false
qm-opts:
   ngQM                           = 0
   constraint-algorithm           = Lincs
   continuation                   = false
   Shake-SOR                      = false
   shake-tol                      = 0.0001
   lincs-order                    = 4
   lincs-iter                     = 1
   lincs-warnangle                = 30
   nwall                          = 0
   wall-type                      = 9-3
   wall-r-linpot                  = -1
   wall-atomtype[0]               = -1
   wall-atomtype[1]               = -1
   wall-density[0]                = 0
   wall-density[1]                = 0
   wall-ewald-zfac                = 3
   pull                           = false
   awh                            = false
   rotation                       = false
   interactiveMD                  = false
   disre                          = No
   disre-weighting                = Conservative
   disre-mixed                    = false
   dr-fc                          = 1000
   dr-tau                         = 0
   nstdisreout                    = 100
   orire-fc                       = 0
   orire-tau                      = 0
   nstorireout                    = 100
   free-energy                    = no
   cos-acceleration               = 0
   deform (3x3):
      deform[    0]={ 0.00000e+00,  0.00000e+00,  0.00000e+00}
      deform[    1]={ 0.00000e+00,  0.00000e+00,  0.00000e+00}
      deform[    2]={ 0.00000e+00,  0.00000e+00,  0.00000e+00}
   simulated-tempering            = false
   swapcoords                     = no
   userint1                       = 0
   userint2                       = 0
   userint3                       = 0
   userint4                       = 0
   userreal1                      = 0
   userreal2                      = 0
   userreal3                      = 0
   userreal4                      = 0
   applied-forces:
     electric-field:
       x:
         E0                       = 0
         omega                    = 0
         t0                       = 0
         sigma                    = 0
       y:
         E0                       = 0
         omega                    = 0
         t0                       = 0
         sigma                    = 0
       z:
         E0                       = 0
         omega                    = 0
         t0                       = 0
         sigma                    = 0
     density-guided-simulation:
       active                     = false
       group                      = protein
       similarity-measure         = inner-product
       atom-spreading-weight      = unity
       force-constant             = 1e+09
       gaussian-transform-spreading-width = 0.2
       gaussian-transform-spreading-range-in-multiples-of-width = 4
       reference-density-filename = reference.mrc
       nst                        = 1
       normalize-densities        = true
       adaptive-force-scaling     = false
       adaptive-force-scaling-time-constant = 4
       shift-vector               = 
       transformation-matrix      = 
grpopts:
   nrdf:        3051
   ref-t:         300
   tau-t:         0.1
annealing:          No
annealing-npoints:           0
   acc:	           0           0           0
   nfreeze:           N           N           N
   energygrp-flags[  0]: 0

Changing nstlist from 10 to 100, rlist from 1 to 1.16

1 GPU selected for this run.
Mapping of GPU IDs to the 2 GPU tasks in the 1 rank on this node:
  PP:0,PME:0
PP tasks will do (non-perturbed) short-ranged interactions on the GPU
PP task will update and constrain coordinates on the CPU
PME tasks will do all aspects on the GPU
Using 1 MPI process

Non-default thread affinity set, disabling internal thread affinity

Using 10 OpenMP threads 

System total charge: 0.000
Will do PME sum in reciprocal space for electrostatic interactions.

++++ PLEASE READ AND CITE THE FOLLOWING REFERENCE ++++
U. Essmann, L. Perera, M. L. Berkowitz, T. Darden, H. Lee and L. G. Pedersen 
A smooth particle mesh Ewald method
J. Chem. Phys. 103 (1995) pp. 8577-8592
-------- -------- --- Thank You --- -------- --------

Using a Gaussian width (1/beta) of 0.320163 nm for Ewald
Potential shift: LJ r^-12: -1.000e+00 r^-6: -1.000e+00, Ewald -1.000e-05
Initialized non-bonded Ewald tables, spacing: 9.33e-04 size: 1073

Long Range LJ corr.: <C6> 2.7797e-04


Using GPU 8x8 nonbonded short-range kernels

Using a dual 8x8 pair-list setup updated with dynamic, rolling pruning:
  outer list: updated every 100 steps, buffer 0.160 nm, rlist 1.160 nm
  inner list: updated every  10 steps, buffer 0.002 nm, rlist 1.002 nm
At tolerance 0.005 kJ/mol/ps per atom, equivalent classical 1x1 list would be:
  outer list: updated every 100 steps, buffer 0.308 nm, rlist 1.308 nm
  inner list: updated every  10 steps, buffer 0.043 nm, rlist 1.043 nm

Using Lorentz-Berthelot Lennard-Jones combination rule
Removing pbc first time

++++ PLEASE READ AND CITE THE FOLLOWING REFERENCE ++++
S. Miyamoto and P. A. Kollman
SETTLE: An Analytical Version of the SHAKE and RATTLE Algorithms for Rigid
Water Models
J. Comp. Chem. 13 (1992) pp. 952-962
-------- -------- --- Thank You --- -------- --------


++++ PLEASE READ AND CITE THE FOLLOWING REFERENCE ++++
G. Bussi, D. Donadio and M. Parrinello
Canonical sampling through velocity rescaling
J. Chem. Phys. 126 (2007) pp. 014101
-------- -------- --- Thank You --- -------- --------

There are: 1526 Atoms

Constraining the starting coordinates (step 0)

Constraining the coordinates at t0-dt (step 0)
Center of mass motion removal mode is Linear
We have the following groups for center of mass motion removal:
  0:  rest
RMS relative constraint deviation after constraining: 0.00e+00
Initial temperature: 291.951 K

Started mdrun on rank 0 Thu Feb  3 15:29:53 2022

           Step           Time
              0        0.00000

   Energies (kJ/mol)
        LJ (SR)  Disper. corr.   Coulomb (SR)   Coul. recip.      Potential
    3.51968e+03   -1.73318e+02   -2.43278e+04    3.75645e+02   -2.06058e+04
    Kinetic En.   Total Energy  Conserved En.    Temperature Pres. DC (bar)
    3.71050e+03   -1.68953e+04   -1.68953e+04    2.92541e+02   -1.84418e+02
 Pressure (bar)
    5.12795e+02

           Step           Time
            500        1.00000

   Energies (kJ/mol)
        LJ (SR)  Disper. corr.   Coulomb (SR)   Coul. recip.      Potential
    3.07543e+03   -1.73318e+02   -2.38675e+04    1.36546e+02   -2.08288e+04
    Kinetic En.   Total Energy  Conserved En.    Temperature Pres. DC (bar)
    3.70231e+03   -1.71265e+04   -1.68739e+04    2.91895e+02   -1.84418e+02
 Pressure (bar)
   -4.12838e+02

           Step           Time
           1000        2.00000

   Energies (kJ/mol)
        LJ (SR)  Disper. corr.   Coulomb (SR)   Coul. recip.      Potential
    3.07274e+03   -1.73318e+02   -2.42211e+04    1.30981e+02   -2.11907e+04
    Kinetic En.   Total Energy  Conserved En.    Temperature Pres. DC (bar)
    3.85443e+03   -1.73363e+04   -1.68741e+04    3.03889e+02   -1.84418e+02
 Pressure (bar)
   -1.01563e+03

           Step           Time
           1500        3.00000

   Energies (kJ/mol)
        LJ (SR)  Disper. corr.   Coulomb (SR)   Coul. recip.      Potential
    3.22629e+03   -1.73318e+02   -2.43370e+04    1.16905e+02   -2.11672e+04
    Kinetic En.   Total Energy  Conserved En.    Temperature Pres. DC (bar)
    3.71919e+03   -1.74480e+04   -1.68738e+04    2.93226e+02   -1.84418e+02
 Pressure (bar)
   -4.66438e+02

           Step           Time
           2000        4.00000

   Energies (kJ/mol)
        LJ (SR)  Disper. corr.   Coulomb (SR)   Coul. recip.      Potential
    3.22983e+03   -1.73318e+02   -2.42800e+04    1.47559e+02   -2.10760e+04
    Kinetic En.   Total Energy  Conserved En.    Temperature Pres. DC (bar)
    3.97376e+03   -1.71022e+04   -1.68733e+04    3.13296e+02   -1.84418e+02
 Pressure (bar)
   -1.99186e+02

           Step           Time
           2500        5.00000

   Energies (kJ/mol)
        LJ (SR)  Disper. corr.   Coulomb (SR)   Coul. recip.      Potential
    3.12669e+03   -1.73318e+02   -2.40079e+04    1.34133e+02   -2.09204e+04
    Kinetic En.   Total Energy  Conserved En.    Temperature Pres. DC (bar)
    3.72145e+03   -1.71990e+04   -1.68724e+04    2.93404e+02   -1.84418e+02
 Pressure (bar)
   -3.42123e+02

           Step           Time
           3000        6.00000

   Energies (kJ/mol)
        LJ (SR)  Disper. corr.   Coulomb (SR)   Coul. recip.      Potential
    3.22671e+03   -1.73318e+02   -2.44665e+04    1.37339e+02   -2.12758e+04
    Kinetic En.   Total Energy  Conserved En.    Temperature Pres. DC (bar)
    3.80832e+03   -1.74675e+04   -1.68749e+04    3.00253e+02   -1.84418e+02
 Pressure (bar)
   -4.56828e+02

           Step           Time
           3500        7.00000

   Energies (kJ/mol)
        LJ (SR)  Disper. corr.   Coulomb (SR)   Coul. recip.      Potential
    3.32837e+03   -1.73318e+02   -2.46735e+04    1.45314e+02   -2.13731e+04
    Kinetic En.   Total Energy  Conserved En.    Temperature Pres. DC (bar)
    3.85539e+03   -1.75177e+04   -1.68745e+04    3.03964e+02   -1.84418e+02
 Pressure (bar)
   -4.17207e+02

           Step           Time
           4000        8.00000

   Energies (kJ/mol)
        LJ (SR)  Disper. corr.   Coulomb (SR)   Coul. recip.      Potential
    3.32313e+03   -1.73318e+02   -2.44575e+04    1.32855e+02   -2.11748e+04
    Kinetic En.   Total Energy  Conserved En.    Temperature Pres. DC (bar)
    3.56479e+03   -1.76100e+04   -1.68709e+04    2.81053e+02   -1.84418e+02
 Pressure (bar)
   -6.41988e-01

           Step           Time
           4500        9.00000

   Energies (kJ/mol)
        LJ (SR)  Disper. corr.   Coulomb (SR)   Coul. recip.      Potential
    3.41694e+03   -1.73318e+02   -2.44982e+04    1.37525e+02   -2.11170e+04
    Kinetic En.   Total Energy  Conserved En.    Temperature Pres. DC (bar)
    3.85775e+03   -1.72593e+04   -1.68743e+04    3.04150e+02   -1.84418e+02
 Pressure (bar)
    4.36692e+02

step 4600: timed with pme grid 16 16 16, coulomb cutoff 1.000: 268.8 M-cycles
step 4600: the box size limits the PME load balancing to a coulomb cut-off of 1.000
              optimal pme grid 16 16 16, coulomb cutoff 1.000
           Step           Time
           5000       10.00000

   Energies (kJ/mol)
        LJ (SR)  Disper. corr.   Coulomb (SR)   Coul. recip.      Potential
    3.23218e+03   -1.73318e+02   -2.42186e+04    1.33409e+02   -2.10264e+04
    Kinetic En.   Total Energy  Conserved En.    Temperature Pres. DC (bar)
    3.62285e+03   -1.74035e+04   -1.68727e+04    2.85630e+02   -1.84418e+02
 Pressure (bar)
   -2.66898e+02

           Step           Time
           5500       11.00000

   Energies (kJ/mol)
        LJ (SR)  Disper. corr.   Coulomb (SR)   Coul. recip.      Potential
    3.35786e+03   -1.73318e+02   -2.45167e+04    1.25746e+02   -2.12065e+04
    Kinetic En.   Total Energy  Conserved En.    Temperature Pres. DC (bar)
    3.80252e+03   -1.74039e+04   -1.68737e+04    2.99795e+02   -1.84418e+02
 Pressure (bar)
   -1.04242e+02

           Step           Time
           6000       12.00000

   Energies (kJ/mol)
        LJ (SR)  Disper. corr.   Coulomb (SR)   Coul. recip.      Potential
    3.56406e+03   -1.73318e+02   -2.48778e+04    1.21368e+02   -2.13657e+04
    Kinetic En.   Total Energy  Conserved En.    Temperature Pres. DC (bar)
    3.88690e+03   -1.74788e+04   -1.68745e+04    3.06448e+02   -1.84418e+02
 Pressure (bar)
    5.77948e+02

           Step           Time
           6500       13.00000

   Energies (kJ/mol)
        LJ (SR)  Disper. corr.   Coulomb (SR)   Coul. recip.      Potential
    3.27672e+03   -1.73318e+02   -2.43773e+04    1.36569e+02   -2.11373e+04
    Kinetic En.   Total Energy  Conserved En.    Temperature Pres. DC (bar)
    3.80480e+03   -1.73325e+04   -1.68756e+04    2.99975e+02   -1.84418e+02
 Pressure (bar)
   -1.62100e+02

           Step           Time
           7000       14.00000

   Energies (kJ/mol)
        LJ (SR)  Disper. corr.   Coulomb (SR)   Coul. recip.      Potential
    2.96685e+03   -1.73318e+02   -2.40705e+04    1.12751e+02   -2.11642e+04
    Kinetic En.   Total Energy  Conserved En.    Temperature Pres. DC (bar)
    3.76304e+03   -1.74012e+04   -1.68752e+04    2.96683e+02   -1.84418e+02
 Pressure (bar)
   -1.30932e+03

           Step           Time
           7500       15.00000

   Energies (kJ/mol)
        LJ (SR)  Disper. corr.   Coulomb (SR)   Coul. recip.      Potential
    3.24175e+03   -1.73318e+02   -2.41770e+04    1.31755e+02   -2.09768e+04
    Kinetic En.   Total Energy  Conserved En.    Temperature Pres. DC (bar)
    3.96243e+03   -1.70144e+04   -1.68766e+04    3.12403e+02   -1.84418e+02
 Pressure (bar)
   -8.69368e+00

           Step           Time
           8000       16.00000

   Energies (kJ/mol)
        LJ (SR)  Disper. corr.   Coulomb (SR)   Coul. recip.      Potential
    3.32651e+03   -1.73318e+02   -2.44029e+04    1.54219e+02   -2.10955e+04
    Kinetic En.   Total Energy  Conserved En.    Temperature Pres. DC (bar)
    3.89825e+03   -1.71973e+04   -1.68738e+04    3.07343e+02   -1.84418e+02
 Pressure (bar)
   -3.42464e+01

           Step           Time
           8500       17.00000

   Energies (kJ/mol)
        LJ (SR)  Disper. corr.   Coulomb (SR)   Coul. recip.      Potential
    3.19777e+03   -1.73318e+02   -2.43917e+04    1.35923e+02   -2.12314e+04
    Kinetic En.   Total Energy  Conserved En.    Temperature Pres. DC (bar)
    3.80930e+03   -1.74221e+04   -1.68745e+04    3.00330e+02   -1.84418e+02
 Pressure (bar)
   -6.35109e+02

           Step           Time
           9000       18.00000

   Energies (kJ/mol)
        LJ (SR)  Disper. corr.   Coulomb (SR)   Coul. recip.      Potential
    3.23594e+03   -1.73318e+02   -2.43322e+04    1.41541e+02   -2.11280e+04
    Kinetic En.   Total Energy  Conserved En.    Temperature Pres. DC (bar)
    3.74756e+03   -1.73805e+04   -1.68734e+04    2.95462e+02   -1.84418e+02
 Pressure (bar)
   -3.81629e+02

           Step           Time
           9500       19.00000

   Energies (kJ/mol)
        LJ (SR)  Disper. corr.   Coulomb (SR)   Coul. recip.      Potential
    3.16583e+03   -1.73318e+02   -2.42206e+04    1.33730e+02   -2.10943e+04
    Kinetic En.   Total Energy  Conserved En.    Temperature Pres. DC (bar)
    3.76388e+03   -1.73304e+04   -1.68760e+04    2.96749e+02   -1.84418e+02
 Pressure (bar)
   -5.63955e+02

           Step           Time
          10000       20.00000

   Energies (kJ/mol)
        LJ (SR)  Disper. corr.   Coulomb (SR)   Coul. recip.      Potential
    3.32218e+03   -1.73318e+02   -2.44398e+04    1.53096e+02   -2.11379e+04
    Kinetic En.   Total Energy  Conserved En.    Temperature Pres. DC (bar)
    3.82021e+03   -1.73177e+04   -1.68754e+04    3.01190e+02   -1.84418e+02
 Pressure (bar)
   -5.79943e+01

           Step           Time
          10500       21.00000

   Energies (kJ/mol)
        LJ (SR)  Disper. corr.   Coulomb (SR)   Coul. recip.      Potential
    3.25667e+03   -1.73318e+02   -2.43234e+04    1.28749e+02   -2.11113e+04
    Kinetic En.   Total Energy  Conserved En.    Temperature Pres. DC (bar)
    3.84971e+03   -1.72616e+04   -1.68759e+04    3.03516e+02   -1.84418e+02
 Pressure (bar)
   -2.57306e+02

           Step           Time
          11000       22.00000

   Energies (kJ/mol)
        LJ (SR)  Disper. corr.   Coulomb (SR)   Coul. recip.      Potential
    3.38336e+03   -1.73318e+02   -2.45267e+04    1.37580e+02   -2.11791e+04
    Kinetic En.   Total Energy  Conserved En.    Temperature Pres. DC (bar)
    3.65744e+03   -1.75217e+04   -1.68754e+04    2.88357e+02   -1.84418e+02
 Pressure (bar)
    3.64557e+01

           Step           Time
          11500       23.00000

   Energies (kJ/mol)
        LJ (SR)  Disper. corr.   Coulomb (SR)   Coul. recip.      Potential
    3.42091e+03   -1.73318e+02   -2.47161e+04    1.29785e+02   -2.13388e+04
    Kinetic En.   Total Energy  Conserved En.    Temperature Pres. DC (bar)
    3.64231e+03   -1.76964e+04   -1.68748e+04    2.87164e+02   -1.84418e+02
 Pressure (bar)
   -5.88414e+01

           Step           Time
          12000       24.00000

   Energies (kJ/mol)
        LJ (SR)  Disper. corr.   Coulomb (SR)   Coul. recip.      Potential
    3.16349e+03   -1.73318e+02   -2.44747e+04    1.29849e+02   -2.13547e+04
    Kinetic En.   Total Energy  Conserved En.    Temperature Pres. DC (bar)
    3.53404e+03   -1.78207e+04   -1.68767e+04    2.78628e+02   -1.84418e+02
 Pressure (bar)
   -8.90208e+02

           Step           Time
          12500       25.00000

   Energies (kJ/mol)
        LJ (SR)  Disper. corr.   Coulomb (SR)   Coul. recip.      Potential
    3.38108e+03   -1.73318e+02   -2.45790e+04    1.27383e+02   -2.12438e+04
    Kinetic En.   Total Energy  Conserved En.    Temperature Pres. DC (bar)
    3.73818e+03   -1.75057e+04   -1.68736e+04    2.94723e+02   -1.84418e+02
 Pressure (bar)
   -7.65084e+01

           Step           Time
          13000       26.00000

   Energies (kJ/mol)
        LJ (SR)  Disper. corr.   Coulomb (SR)   Coul. recip.      Potential
    3.18727e+03   -1.73318e+02   -2.42715e+04    1.40131e+02   -2.11175e+04
    Kinetic En.   Total Energy  Conserved En.    Temperature Pres. DC (bar)
    3.71834e+03   -1.73991e+04   -1.68750e+04    2.93159e+02   -1.84418e+02
 Pressure (bar)
   -5.02992e+02

           Step           Time
          13500       27.00000

   Energies (kJ/mol)
        LJ (SR)  Disper. corr.   Coulomb (SR)   Coul. recip.      Potential
    3.16319e+03   -1.73318e+02   -2.41879e+04    1.27925e+02   -2.10701e+04
    Kinetic En.   Total Energy  Conserved En.    Temperature Pres. DC (bar)
    4.00547e+03   -1.70646e+04   -1.68785e+04    3.15796e+02   -1.84418e+02
 Pressure (bar)
   -5.11290e+02

           Step           Time
          14000       28.00000

   Energies (kJ/mol)
        LJ (SR)  Disper. corr.   Coulomb (SR)   Coul. recip.      Potential
    3.11878e+03   -1.73318e+02   -2.41139e+04    1.27646e+02   -2.10407e+04
    Kinetic En.   Total Energy  Conserved En.    Temperature Pres. DC (bar)
    3.84660e+03   -1.71941e+04   -1.68747e+04    3.03271e+02   -1.84418e+02
 Pressure (bar)
   -4.78671e+02

           Step           Time
          14500       29.00000

   Energies (kJ/mol)
        LJ (SR)  Disper. corr.   Coulomb (SR)   Coul. recip.      Potential
    3.57766e+03   -1.73318e+02   -2.47631e+04    1.37384e+02   -2.12213e+04
    Kinetic En.   Total Energy  Conserved En.    Temperature Pres. DC (bar)
    3.80261e+03   -1.74187e+04   -1.68751e+04    2.99803e+02   -1.84418e+02
 Pressure (bar)
    8.09517e+02

           Step           Time
          15000       30.00000

   Energies (kJ/mol)
        LJ (SR)  Disper. corr.   Coulomb (SR)   Coul. recip.      Potential
    3.44803e+03   -1.73318e+02   -2.46663e+04    1.48435e+02   -2.12431e+04
    Kinetic En.   Total Energy  Conserved En.    Temperature Pres. DC (bar)
    3.72274e+03   -1.75204e+04   -1.68759e+04    2.93505e+02   -1.84418e+02
 Pressure (bar)
    2.14722e+02

           Step           Time
          15500       31.00000

   Energies (kJ/mol)
        LJ (SR)  Disper. corr.   Coulomb (SR)   Coul. recip.      Potential
    3.22965e+03   -1.73318e+02   -2.42221e+04    1.37788e+02   -2.10279e+04
    Kinetic En.   Total Energy  Conserved En.    Temperature Pres. DC (bar)
    3.84780e+03   -1.71801e+04   -1.68769e+04    3.03365e+02   -1.84418e+02
 Pressure (bar)
   -2.49743e+02

           Step           Time
          16000       32.00000

   Energies (kJ/mol)
        LJ (SR)  Disper. corr.   Coulomb (SR)   Coul. recip.      Potential
    3.39609e+03   -1.73318e+02   -2.44827e+04    1.19844e+02   -2.11401e+04
    Kinetic En.   Total Energy  Conserved En.    Temperature Pres. DC (bar)
    3.74416e+03   -1.73959e+04   -1.68728e+04    2.95194e+02   -1.84418e+02
 Pressure (bar)
    1.76526e+02

           Step           Time
          16500       33.00000

   Energies (kJ/mol)
        LJ (SR)  Disper. corr.   Coulomb (SR)   Coul. recip.      Potential
    3.43264e+03   -1.73318e+02   -2.44829e+04    1.39623e+02   -2.10840e+04
    Kinetic En.   Total Energy  Conserved En.    Temperature Pres. DC (bar)
    3.84034e+03   -1.72436e+04   -1.68760e+04    3.02777e+02   -1.84418e+02
 Pressure (bar)
    4.70921e+02

           Step           Time
          17000       34.00000

   Energies (kJ/mol)
        LJ (SR)  Disper. corr.   Coulomb (SR)   Coul. recip.      Potential
    3.20168e+03   -1.73318e+02   -2.43905e+04    1.39238e+02   -2.12229e+04
    Kinetic En.   Total Energy  Conserved En.    Temperature Pres. DC (bar)
    3.67717e+03   -1.75457e+04   -1.68756e+04    2.89913e+02   -1.84418e+02
 Pressure (bar)
   -5.37493e+02

           Step           Time
          17500       35.00000

   Energies (kJ/mol)
        LJ (SR)  Disper. corr.   Coulomb (SR)   Coul. recip.      Potential
    3.49142e+03   -1.73318e+02   -2.42610e+04    1.50022e+02   -2.07929e+04
    Kinetic En.   Total Energy  Conserved En.    Temperature Pres. DC (bar)
    3.63141e+03   -1.71615e+04   -1.68737e+04    2.86305e+02   -1.84418e+02
 Pressure (bar)
    1.00276e+03

           Step           Time
          18000       36.00000

   Energies (kJ/mol)
        LJ (SR)  Disper. corr.   Coulomb (SR)   Coul. recip.      Potential
    3.07650e+03   -1.73318e+02   -2.42077e+04    1.46045e+02   -2.11585e+04
    Kinetic En.   Total Energy  Conserved En.    Temperature Pres. DC (bar)
    3.75118e+03   -1.74073e+04   -1.68766e+04    2.95748e+02   -1.84418e+02
 Pressure (bar)
   -1.07869e+03

           Step           Time
          18500       37.00000

   Energies (kJ/mol)
        LJ (SR)  Disper. corr.   Coulomb (SR)   Coul. recip.      Potential
    3.20118e+03   -1.73318e+02   -2.43111e+04    1.36144e+02   -2.11471e+04
    Kinetic En.   Total Energy  Conserved En.    Temperature Pres. DC (bar)
    3.81198e+03   -1.73351e+04   -1.68777e+04    3.00541e+02   -1.84418e+02
 Pressure (bar)
   -4.62268e+02

           Step           Time
          19000       38.00000

   Energies (kJ/mol)
        LJ (SR)  Disper. corr.   Coulomb (SR)   Coul. recip.      Potential
    2.99133e+03   -1.73318e+02   -2.38612e+04    1.09933e+02   -2.09332e+04
    Kinetic En.   Total Energy  Conserved En.    Temperature Pres. DC (bar)
    3.94628e+03   -1.69869e+04   -1.68761e+04    3.11130e+02   -1.84418e+02
 Pressure (bar)
   -7.85743e+02

           Step           Time
          19500       39.00000

   Energies (kJ/mol)
        LJ (SR)  Disper. corr.   Coulomb (SR)   Coul. recip.      Potential
    3.48900e+03   -1.73318e+02   -2.43274e+04    1.33996e+02   -2.08777e+04
    Kinetic En.   Total Energy  Conserved En.    Temperature Pres. DC (bar)
    3.63720e+03   -1.72405e+04   -1.68747e+04    2.86761e+02   -1.84418e+02
 Pressure (bar)
    8.67817e+02

           Step           Time
          20000       40.00000

   Energies (kJ/mol)
        LJ (SR)  Disper. corr.   Coulomb (SR)   Coul. recip.      Potential
    3.35950e+03   -1.73318e+02   -2.42928e+04    1.22365e+02   -2.09843e+04
    Kinetic En.   Total Energy  Conserved En.    Temperature Pres. DC (bar)
    3.81637e+03   -1.71679e+04   -1.68772e+04    3.00888e+02   -1.84418e+02
 Pressure (bar)
    4.19351e+02

           Step           Time
          20500       41.00000

   Energies (kJ/mol)
        LJ (SR)  Disper. corr.   Coulomb (SR)   Coul. recip.      Potential
    3.34503e+03   -1.73318e+02   -2.44732e+04    1.38863e+02   -2.11626e+04
    Kinetic En.   Total Energy  Conserved En.    Temperature Pres. DC (bar)
    3.75456e+03   -1.74080e+04   -1.68774e+04    2.96014e+02   -1.84418e+02
 Pressure (bar)
    3.47200e+01

           Step           Time
          21000       42.00000

   Energies (kJ/mol)
        LJ (SR)  Disper. corr.   Coulomb (SR)   Coul. recip.      Potential
    3.09531e+03   -1.73318e+02   -2.38536e+04    1.35768e+02   -2.07959e+04
    Kinetic En.   Total Energy  Conserved En.    Temperature Pres. DC (bar)
    3.85931e+03   -1.69365e+04   -1.68787e+04    3.04273e+02   -1.84418e+02
 Pressure (bar)
   -2.99746e+02

           Step           Time
          21500       43.00000

   Energies (kJ/mol)
        LJ (SR)  Disper. corr.   Coulomb (SR)   Coul. recip.      Potential
    3.24950e+03   -1.73318e+02   -2.42860e+04    1.27997e+02   -2.10818e+04
    Kinetic En.   Total Energy  Conserved En.    Temperature Pres. DC (bar)
    3.76510e+03   -1.73167e+04   -1.68783e+04    2.96845e+02   -1.84418e+02
 Pressure (bar)
   -3.01588e+01

           Step           Time
          22000       44.00000

   Energies (kJ/mol)
        LJ (SR)  Disper. corr.   Coulomb (SR)   Coul. recip.      Potential
    3.22320e+03   -1.73318e+02   -2.44757e+04    1.18526e+02   -2.13073e+04
    Kinetic En.   Total Energy  Conserved En.    Temperature Pres. DC (bar)
    3.74091e+03   -1.75664e+04   -1.68774e+04    2.94938e+02   -1.84418e+02
 Pressure (bar)
   -5.57729e+02

           Step           Time
          22500       45.00000

   Energies (kJ/mol)
        LJ (SR)  Disper. corr.   Coulomb (SR)   Coul. recip.      Potential
    3.14516e+03   -1.73318e+02   -2.41412e+04    1.14682e+02   -2.10547e+04
    Kinetic En.   Total Energy  Conserved En.    Temperature Pres. DC (bar)
    3.91383e+03   -1.71409e+04   -1.68785e+04    3.08572e+02   -1.84418e+02
 Pressure (bar)
   -2.52444e+02

           Step           Time
          23000       46.00000

   Energies (kJ/mol)
        LJ (SR)  Disper. corr.   Coulomb (SR)   Coul. recip.      Potential
    3.20364e+03   -1.73318e+02   -2.39789e+04    1.40423e+02   -2.08081e+04
    Kinetic En.   Total Energy  Conserved En.    Temperature Pres. DC (bar)
    3.71479e+03   -1.70934e+04   -1.68775e+04    2.92879e+02   -1.84418e+02
 Pressure (bar)
   -3.40243e+01

           Step           Time
          23500       47.00000

   Energies (kJ/mol)
        LJ (SR)  Disper. corr.   Coulomb (SR)   Coul. recip.      Potential
    3.32539e+03   -1.73318e+02   -2.40436e+04    1.43048e+02   -2.07485e+04
    Kinetic En.   Total Energy  Conserved En.    Temperature Pres. DC (bar)
    3.74172e+03   -1.70068e+04   -1.68773e+04    2.95002e+02   -1.84418e+02
 Pressure (bar)
    4.91201e+02

           Step           Time
          24000       48.00000

   Energies (kJ/mol)
        LJ (SR)  Disper. corr.   Coulomb (SR)   Coul. recip.      Potential
    3.22191e+03   -1.73318e+02   -2.42866e+04    1.53104e+02   -2.10849e+04
    Kinetic En.   Total Energy  Conserved En.    Temperature Pres. DC (bar)
    3.85922e+03   -1.72256e+04   -1.68785e+04    3.04266e+02   -1.84418e+02
 Pressure (bar)
   -1.03518e+02

           Step           Time
          24500       49.00000

   Energies (kJ/mol)
        LJ (SR)  Disper. corr.   Coulomb (SR)   Coul. recip.      Potential
    3.10318e+03   -1.73318e+02   -2.40348e+04    1.49021e+02   -2.09559e+04
    Kinetic En.   Total Energy  Conserved En.    Temperature Pres. DC (bar)
    3.63767e+03   -1.73182e+04   -1.68763e+04    2.86799e+02   -1.84418e+02
 Pressure (bar)
   -7.21100e+02

           Step           Time
          25000       50.00000

   Energies (kJ/mol)
        LJ (SR)  Disper. corr.   Coulomb (SR)   Coul. recip.      Potential
    3.10140e+03   -1.73318e+02   -2.41480e+04    1.23874e+02   -2.10960e+04
    Kinetic En.   Total Energy  Conserved En.    Temperature Pres. DC (bar)
    3.83990e+03   -1.72561e+04   -1.68792e+04    3.02743e+02   -1.84418e+02
 Pressure (bar)
   -7.77547e+02

           Step           Time
          25500       51.00000

   Energies (kJ/mol)
        LJ (SR)  Disper. corr.   Coulomb (SR)   Coul. recip.      Potential
    2.99251e+03   -1.73318e+02   -2.38351e+04    1.36346e+02   -2.08795e+04
    Kinetic En.   Total Energy  Conserved En.    Temperature Pres. DC (bar)
    3.90315e+03   -1.69764e+04   -1.68783e+04    3.07729e+02   -1.84418e+02
 Pressure (bar)
   -9.27125e+02

           Step           Time
          26000       52.00000

   Energies (kJ/mol)
        LJ (SR)  Disper. corr.   Coulomb (SR)   Coul. recip.      Potential
    3.22496e+03   -1.73318e+02   -2.42181e+04    1.53507e+02   -2.10130e+04
    Kinetic En.   Total Energy  Conserved En.    Temperature Pres. DC (bar)
    3.92798e+03   -1.70850e+04   -1.68773e+04    3.09687e+02   -1.84418e+02
 Pressure (bar)
   -4.48996e+01

           Step           Time
          26500       53.00000

   Energies (kJ/mol)
        LJ (SR)  Disper. corr.   Coulomb (SR)   Coul. recip.      Potential
    3.49743e+03   -1.73318e+02   -2.46607e+04    1.05294e+02   -2.12313e+04
    Kinetic En.   Total Energy  Conserved En.    Temperature Pres. DC (bar)
    3.83902e+03   -1.73922e+04   -1.68767e+04    3.02673e+02   -1.84418e+02
 Pressure (bar)
    5.01344e+02

           Step           Time
          27000       54.00000

   Energies (kJ/mol)
        LJ (SR)  Disper. corr.   Coulomb (SR)   Coul. recip.      Potential
    3.39688e+03   -1.73318e+02   -2.46976e+04    1.11712e+02   -2.13623e+04
    Kinetic En.   Total Energy  Conserved En.    Temperature Pres. DC (bar)
    3.78773e+03   -1.75746e+04   -1.68794e+04    2.98629e+02   -1.84418e+02
 Pressure (bar)
   -7.72049e+01

           Step           Time
          27500       55.00000

   Energies (kJ/mol)
        LJ (SR)  Disper. corr.   Coulomb (SR)   Coul. recip.      Potential
    3.26369e+03   -1.73318e+02   -2.44928e+04    1.26053e+02   -2.12764e+04
    Kinetic En.   Total Energy  Conserved En.    Temperature Pres. DC (bar)
    3.85176e+03   -1.74246e+04   -1.68796e+04    3.03677e+02   -1.84418e+02
 Pressure (bar)
   -4.39097e+02

           Step           Time
          28000       56.00000

   Energies (kJ/mol)
        LJ (SR)  Disper. corr.   Coulomb (SR)   Coul. recip.      Potential
    3.25909e+03   -1.73318e+02   -2.41544e+04    1.38097e+02   -2.09306e+04
    Kinetic En.   Total Energy  Conserved En.    Temperature Pres. DC (bar)
    3.78822e+03   -1.71423e+04   -1.68790e+04    2.98668e+02   -1.84418e+02
 Pressure (bar)
    1.22268e+02

           Step           Time
          28500       57.00000

   Energies (kJ/mol)
        LJ (SR)  Disper. corr.   Coulomb (SR)   Coul. recip.      Potential
    3.28552e+03   -1.73318e+02   -2.43136e+04    1.38370e+02   -2.10631e+04
    Kinetic En.   Total Energy  Conserved En.    Temperature Pres. DC (bar)
    3.92773e+03   -1.71353e+04   -1.68768e+04    3.09667e+02   -1.84418e+02
 Pressure (bar)
   -1.76549e+02

           Step           Time
          29000       58.00000

   Energies (kJ/mol)
        LJ (SR)  Disper. corr.   Coulomb (SR)   Coul. recip.      Potential
    3.25196e+03   -1.73318e+02   -2.42848e+04    1.29153e+02   -2.10770e+04
    Kinetic En.   Total Energy  Conserved En.    Temperature Pres. DC (bar)
    3.88754e+03   -1.71895e+04   -1.68791e+04    3.06499e+02   -1.84418e+02
 Pressure (bar)
   -1.92315e+02

           Step           Time
          29500       59.00000

   Energies (kJ/mol)
        LJ (SR)  Disper. corr.   Coulomb (SR)   Coul. recip.      Potential
    3.12879e+03   -1.73318e+02   -2.39975e+04    1.28619e+02   -2.09134e+04
    Kinetic En.   Total Energy  Conserved En.    Temperature Pres. DC (bar)
    3.92173e+03   -1.69917e+04   -1.68816e+04    3.09194e+02   -1.84418e+02
 Pressure (bar)
   -3.45691e+02

           Step           Time
          30000       60.00000

   Energies (kJ/mol)
        LJ (SR)  Disper. corr.   Coulomb (SR)   Coul. recip.      Potential
    3.22602e+03   -1.73318e+02   -2.44051e+04    1.42428e+02   -2.12100e+04
    Kinetic En.   Total Energy  Conserved En.    Temperature Pres. DC (bar)
    3.86719e+03   -1.73428e+04   -1.68766e+04    3.04894e+02   -1.84418e+02
 Pressure (bar)
   -3.52646e+02

           Step           Time
          30500       61.00000

   Energies (kJ/mol)
        LJ (SR)  Disper. corr.   Coulomb (SR)   Coul. recip.      Potential
    3.53815e+03   -1.73318e+02   -2.47836e+04    1.39826e+02   -2.12790e+04
    Kinetic En.   Total Energy  Conserved En.    Temperature Pres. DC (bar)
    3.98911e+03   -1.72899e+04   -1.68779e+04    3.14506e+02   -1.84418e+02
 Pressure (bar)
    5.25972e+02

           Step           Time
          31000       62.00000

   Energies (kJ/mol)
        LJ (SR)  Disper. corr.   Coulomb (SR)   Coul. recip.      Potential
    3.07656e+03   -1.73318e+02   -2.41582e+04    1.25607e+02   -2.11294e+04
    Kinetic En.   Total Energy  Conserved En.    Temperature Pres. DC (bar)
    3.87633e+03   -1.72530e+04   -1.68777e+04    3.05615e+02   -1.84418e+02
 Pressure (bar)
   -7.87635e+02

           Step           Time
          31500       63.00000

   Energies (kJ/mol)
        LJ (SR)  Disper. corr.   Coulomb (SR)   Coul. recip.      Potential
    3.29929e+03   -1.73318e+02   -2.44021e+04    1.20294e+02   -2.11558e+04
    Kinetic En.   Total Energy  Conserved En.    Temperature Pres. DC (bar)
    3.60864e+03   -1.75471e+04   -1.68772e+04    2.84510e+02   -1.84418e+02
 Pressure (bar)
   -2.56076e+02

           Step           Time
          32000       64.00000

   Energies (kJ/mol)
        LJ (SR)  Disper. corr.   Coulomb (SR)   Coul. recip.      Potential
    3.30017e+03   -1.73318e+02   -2.42553e+04    1.41394e+02   -2.09871e+04
    Kinetic En.   Total Energy  Conserved En.    Temperature Pres. DC (bar)
    3.68879e+03   -1.72983e+04   -1.68767e+04    2.90829e+02   -1.84418e+02
 Pressure (bar)
    1.56923e+02

           Step           Time
          32500       65.00000

   Energies (kJ/mol)
        LJ (SR)  Disper. corr.   Coulomb (SR)   Coul. recip.      Potential
    3.20181e+03   -1.73318e+02   -2.42818e+04    1.27167e+02   -2.11262e+04
    Kinetic En.   Total Energy  Conserved En.    Temperature Pres. DC (bar)
    3.79668e+03   -1.73295e+04   -1.68781e+04    2.99335e+02   -1.84418e+02
 Pressure (bar)
   -3.77814e+02

           Step           Time
          33000       66.00000

   Energies (kJ/mol)
        LJ (SR)  Disper. corr.   Coulomb (SR)   Coul. recip.      Potential
    3.34979e+03   -1.73318e+02   -2.44584e+04    1.28214e+02   -2.11537e+04
    Kinetic En.   Total Energy  Conserved En.    Temperature Pres. DC (bar)
    3.74589e+03   -1.74078e+04   -1.68767e+04    2.95331e+02   -1.84418e+02
 Pressure (bar)
    2.39365e+01

           Step           Time
          33500       67.00000

   Energies (kJ/mol)
        LJ (SR)  Disper. corr.   Coulomb (SR)   Coul. recip.      Potential
    3.02255e+03   -1.73318e+02   -2.39839e+04    1.29826e+02   -2.10048e+04
    Kinetic En.   Total Energy  Conserved En.    Temperature Pres. DC (bar)
    3.76156e+03   -1.72433e+04   -1.68777e+04    2.96566e+02   -1.84418e+02
 Pressure (bar)
   -9.30676e+02

           Step           Time
          34000       68.00000

   Energies (kJ/mol)
        LJ (SR)  Disper. corr.   Coulomb (SR)   Coul. recip.      Potential
    3.49904e+03   -1.73318e+02   -2.46343e+04    1.28015e+02   -2.11806e+04
    Kinetic En.   Total Energy  Conserved En.    Temperature Pres. DC (bar)
    3.81214e+03   -1.73685e+04   -1.68751e+04    3.00554e+02   -1.84418e+02
 Pressure (bar)
    4.94428e+02

           Step           Time
          34500       69.00000

   Energies (kJ/mol)
        LJ (SR)  Disper. corr.   Coulomb (SR)   Coul. recip.      Potential
    3.19621e+03   -1.73318e+02   -2.41085e+04    1.51323e+02   -2.09343e+04
    Kinetic En.   Total Energy  Conserved En.    Temperature Pres. DC (bar)
    3.67951e+03   -1.72548e+04   -1.68739e+04    2.90098e+02   -1.84418e+02
 Pressure (bar)
   -2.32343e+02

           Step           Time
          35000       70.00000

   Energies (kJ/mol)
        LJ (SR)  Disper. corr.   Coulomb (SR)   Coul. recip.      Potential
    3.28052e+03   -1.73318e+02   -2.43563e+04    1.26421e+02   -2.11227e+04
    Kinetic En.   Total Energy  Conserved En.    Temperature Pres. DC (bar)
    3.68333e+03   -1.74394e+04   -1.68763e+04    2.90399e+02   -1.84418e+02
 Pressure (bar)
   -1.86203e+02

           Step           Time
          35500       71.00000

   Energies (kJ/mol)
        LJ (SR)  Disper. corr.   Coulomb (SR)   Coul. recip.      Potential
    3.16943e+03   -1.73318e+02   -2.40530e+04    1.21501e+02   -2.09354e+04
    Kinetic En.   Total Energy  Conserved En.    Temperature Pres. DC (bar)
    3.54637e+03   -1.73891e+04   -1.68750e+04    2.79600e+02   -1.84418e+02
 Pressure (bar)
   -3.48384e+02

           Step           Time
          36000       72.00000

   Energies (kJ/mol)
        LJ (SR)  Disper. corr.   Coulomb (SR)   Coul. recip.      Potential
    3.23782e+03   -1.73318e+02   -2.43429e+04    1.28933e+02   -2.11494e+04
    Kinetic En.   Total Energy  Conserved En.    Temperature Pres. DC (bar)
    3.79303e+03   -1.73564e+04   -1.68770e+04    2.99047e+02   -1.84418e+02
 Pressure (bar)
   -1.79987e+02

           Step           Time
          36500       73.00000

   Energies (kJ/mol)
        LJ (SR)  Disper. corr.   Coulomb (SR)   Coul. recip.      Potential
    3.32252e+03   -1.73318e+02   -2.43633e+04    1.42402e+02   -2.10717e+04
    Kinetic En.   Total Energy  Conserved En.    Temperature Pres. DC (bar)
    3.83463e+03   -1.72371e+04   -1.68741e+04    3.02327e+02   -1.84418e+02
 Pressure (bar)
    3.73056e+02

           Step           Time
          37000       74.00000

   Energies (kJ/mol)
        LJ (SR)  Disper. corr.   Coulomb (SR)   Coul. recip.      Potential
    3.20225e+03   -1.73318e+02   -2.40848e+04    1.40301e+02   -2.09156e+04
    Kinetic En.   Total Energy  Conserved En.    Temperature Pres. DC (bar)
    3.73376e+03   -1.71819e+04   -1.68748e+04    2.94374e+02   -1.84418e+02
 Pressure (bar)
   -1.16232e+02

           Step           Time
          37500       75.00000

   Energies (kJ/mol)
        LJ (SR)  Disper. corr.   Coulomb (SR)   Coul. recip.      Potential
    3.20174e+03   -1.73318e+02   -2.40850e+04    1.22536e+02   -2.09341e+04
    Kinetic En.   Total Energy  Conserved En.    Temperature Pres. DC (bar)
    3.80066e+03   -1.71334e+04   -1.68750e+04    2.99649e+02   -1.84418e+02
 Pressure (bar)
   -1.39454e+02

           Step           Time
          38000       76.00000

   Energies (kJ/mol)
        LJ (SR)  Disper. corr.   Coulomb (SR)   Coul. recip.      Potential
    3.28651e+03   -1.73318e+02   -2.43729e+04    1.37288e+02   -2.11224e+04
    Kinetic En.   Total Energy  Conserved En.    Temperature Pres. DC (bar)
    3.86384e+03   -1.72585e+04   -1.68767e+04    3.04630e+02   -1.84418e+02
 Pressure (bar)
   -2.39810e+02

           Step           Time
          38500       77.00000

   Energies (kJ/mol)
        LJ (SR)  Disper. corr.   Coulomb (SR)   Coul. recip.      Potential
    3.20402e+03   -1.73318e+02   -2.42346e+04    1.40696e+02   -2.10632e+04
    Kinetic En.   Total Energy  Conserved En.    Temperature Pres. DC (bar)
    3.91768e+03   -1.71456e+04   -1.68781e+04    3.08875e+02   -1.84418e+02
 Pressure (bar)
   -3.26753e+02

           Step           Time
          39000       78.00000

   Energies (kJ/mol)
        LJ (SR)  Disper. corr.   Coulomb (SR)   Coul. recip.      Potential
    3.15841e+03   -1.73318e+02   -2.39319e+04    1.34510e+02   -2.08123e+04
    Kinetic En.   Total Energy  Conserved En.    Temperature Pres. DC (bar)
    3.77323e+03   -1.70390e+04   -1.68754e+04    2.97486e+02   -1.84418e+02
 Pressure (bar)
   -1.38776e+02

           Step           Time
          39500       79.00000

   Energies (kJ/mol)
        LJ (SR)  Disper. corr.   Coulomb (SR)   Coul. recip.      Potential
    3.23759e+03   -1.73318e+02   -2.44500e+04    1.38489e+02   -2.12472e+04
    Kinetic En.   Total Energy  Conserved En.    Temperature Pres. DC (bar)
    3.77557e+03   -1.74717e+04   -1.68773e+04    2.97671e+02   -1.84418e+02
 Pressure (bar)
   -4.89458e+02

           Step           Time
          40000       80.00000

   Energies (kJ/mol)
        LJ (SR)  Disper. corr.   Coulomb (SR)   Coul. recip.      Potential
    3.29138e+03   -1.73318e+02   -2.44819e+04    1.26732e+02   -2.12371e+04
    Kinetic En.   Total Energy  Conserved En.    Temperature Pres. DC (bar)
    3.86159e+03   -1.73755e+04   -1.68754e+04    3.04453e+02   -1.84418e+02
 Pressure (bar)
   -3.01053e+02

           Step           Time
          40500       81.00000

   Energies (kJ/mol)
        LJ (SR)  Disper. corr.   Coulomb (SR)   Coul. recip.      Potential
    3.37588e+03   -1.73318e+02   -2.45157e+04    1.28859e+02   -2.11843e+04
    Kinetic En.   Total Energy  Conserved En.    Temperature Pres. DC (bar)
    3.87736e+03   -1.73069e+04   -1.68763e+04    3.05696e+02   -1.84418e+02
 Pressure (bar)
    1.16306e+02

           Step           Time
          41000       82.00000

   Energies (kJ/mol)
        LJ (SR)  Disper. corr.   Coulomb (SR)   Coul. recip.      Potential
    3.42179e+03   -1.73318e+02   -2.44900e+04    1.48195e+02   -2.10933e+04
    Kinetic En.   Total Energy  Conserved En.    Temperature Pres. DC (bar)
    3.82064e+03   -1.72726e+04   -1.68751e+04    3.01224e+02   -1.84418e+02
 Pressure (bar)
    3.98414e+02

           Step           Time
          41500       83.00000

   Energies (kJ/mol)
        LJ (SR)  Disper. corr.   Coulomb (SR)   Coul. recip.      Potential
    3.41983e+03   -1.73318e+02   -2.45300e+04    1.31310e+02   -2.11522e+04
    Kinetic En.   Total Energy  Conserved En.    Temperature Pres. DC (bar)
    3.77666e+03   -1.73755e+04   -1.68758e+04    2.97757e+02   -1.84418e+02
 Pressure (bar)
    2.26861e+02

           Step           Time
          42000       84.00000

   Energies (kJ/mol)
        LJ (SR)  Disper. corr.   Coulomb (SR)   Coul. recip.      Potential
    3.14524e+03   -1.73318e+02   -2.43261e+04    1.60043e+02   -2.11942e+04
    Kinetic En.   Total Energy  Conserved En.    Temperature Pres. DC (bar)
    3.93173e+03   -1.72624e+04   -1.68782e+04    3.09982e+02   -1.84418e+02
 Pressure (bar)
   -5.10787e+02

           Step           Time
          42500       85.00000

   Energies (kJ/mol)
        LJ (SR)  Disper. corr.   Coulomb (SR)   Coul. recip.      Potential
    3.11850e+03   -1.73318e+02   -2.39012e+04    1.43600e+02   -2.08124e+04
    Kinetic En.   Total Energy  Conserved En.    Temperature Pres. DC (bar)
    3.70068e+03   -1.71118e+04   -1.68765e+04    2.91766e+02   -1.84418e+02
 Pressure (bar)
   -2.06851e+02

           Step           Time
          43000       86.00000

   Energies (kJ/mol)
        LJ (SR)  Disper. corr.   Coulomb (SR)   Coul. recip.      Potential
    3.24141e+03   -1.73318e+02   -2.42962e+04    1.28439e+02   -2.10996e+04
    Kinetic En.   Total Energy  Conserved En.    Temperature Pres. DC (bar)
    3.85538e+03   -1.72443e+04   -1.68764e+04    3.03963e+02   -1.84418e+02
 Pressure (bar)
   -1.63423e+02

           Step           Time
          43500       87.00000

   Energies (kJ/mol)
        LJ (SR)  Disper. corr.   Coulomb (SR)   Coul. recip.      Potential
    3.28336e+03   -1.73318e+02   -2.42694e+04    1.37730e+02   -2.10216e+04
    Kinetic En.   Total Energy  Conserved En.    Temperature Pres. DC (bar)
    3.81832e+03   -1.72033e+04   -1.68776e+04    3.01041e+02   -1.84418e+02
 Pressure (bar)
   -3.66638e+01

           Step           Time
          44000       88.00000

   Energies (kJ/mol)
        LJ (SR)  Disper. corr.   Coulomb (SR)   Coul. recip.      Potential
    3.28578e+03   -1.73318e+02   -2.45063e+04    1.23888e+02   -2.12699e+04
    Kinetic En.   Total Energy  Conserved En.    Temperature Pres. DC (bar)
    3.84122e+03   -1.74287e+04   -1.68809e+04    3.02846e+02   -1.84418e+02
 Pressure (bar)
   -3.48637e+02

           Step           Time
          44500       89.00000

   Energies (kJ/mol)
        LJ (SR)  Disper. corr.   Coulomb (SR)   Coul. recip.      Potential
    3.32631e+03   -1.73318e+02   -2.44764e+04    1.36619e+02   -2.11868e+04
    Kinetic En.   Total Energy  Conserved En.    Temperature Pres. DC (bar)
    3.67494e+03   -1.75118e+04   -1.68775e+04    2.89737e+02   -1.84418e+02
 Pressure (bar)
   -3.64651e+01

           Step           Time
          45000       90.00000

   Energies (kJ/mol)
        LJ (SR)  Disper. corr.   Coulomb (SR)   Coul. recip.      Potential
    3.18621e+03   -1.73318e+02   -2.41313e+04    1.26475e+02   -2.09920e+04
    Kinetic En.   Total Energy  Conserved En.    Temperature Pres. DC (bar)
    3.89607e+03   -1.70959e+04   -1.68796e+04    3.07171e+02   -1.84418e+02
 Pressure (bar)
   -1.01906e+02

           Step           Time
          45500       91.00000

   Energies (kJ/mol)
        LJ (SR)  Disper. corr.   Coulomb (SR)   Coul. recip.      Potential
    3.24613e+03   -1.73318e+02   -2.42760e+04    1.45949e+02   -2.10572e+04
    Kinetic En.   Total Energy  Conserved En.    Temperature Pres. DC (bar)
    3.67339e+03   -1.73838e+04   -1.68755e+04    2.89614e+02   -1.84418e+02
 Pressure (bar)
   -4.73066e+02

           Step           Time
          46000       92.00000

   Energies (kJ/mol)
        LJ (SR)  Disper. corr.   Coulomb (SR)   Coul. recip.      Potential
    3.23589e+03   -1.73318e+02   -2.43277e+04    1.45739e+02   -2.11194e+04
    Kinetic En.   Total Energy  Conserved En.    Temperature Pres. DC (bar)
    3.86859e+03   -1.72508e+04   -1.68780e+04    3.05005e+02   -1.84418e+02
 Pressure (bar)
   -3.34013e+02

           Step           Time
          46500       93.00000

   Energies (kJ/mol)
        LJ (SR)  Disper. corr.   Coulomb (SR)   Coul. recip.      Potential
    3.12829e+03   -1.73318e+02   -2.41413e+04    1.23244e+02   -2.10631e+04
    Kinetic En.   Total Energy  Conserved En.    Temperature Pres. DC (bar)
    3.92817e+03   -1.71349e+04   -1.68776e+04    3.09702e+02   -1.84418e+02
 Pressure (bar)
   -5.78379e+02

           Step           Time
          47000       94.00000

   Energies (kJ/mol)
        LJ (SR)  Disper. corr.   Coulomb (SR)   Coul. recip.      Potential
    3.12224e+03   -1.73318e+02   -2.41718e+04    1.35152e+02   -2.10878e+04
    Kinetic En.   Total Energy  Conserved En.    Temperature Pres. DC (bar)
    3.90493e+03   -1.71828e+04   -1.68767e+04    3.07869e+02   -1.84418e+02
 Pressure (bar)
   -6.07368e+02

           Step           Time
          47500       95.00000

   Energies (kJ/mol)
        LJ (SR)  Disper. corr.   Coulomb (SR)   Coul. recip.      Potential
    3.14929e+03   -1.73318e+02   -2.38836e+04    1.22954e+02   -2.07847e+04
    Kinetic En.   Total Energy  Conserved En.    Temperature Pres. DC (bar)
    3.80575e+03   -1.69789e+04   -1.68773e+04    3.00050e+02   -1.84418e+02
 Pressure (bar)
    3.05195e+01

           Step           Time
          48000       96.00000

   Energies (kJ/mol)
        LJ (SR)  Disper. corr.   Coulomb (SR)   Coul. recip.      Potential
    3.24949e+03   -1.73318e+02   -2.39474e+04    1.49738e+02   -2.07215e+04
    Kinetic En.   Total Energy  Conserved En.    Temperature Pres. DC (bar)
    3.74216e+03   -1.69793e+04   -1.68758e+04    2.95037e+02   -1.84418e+02
 Pressure (bar)
    2.45684e+02

           Step           Time
          48500       97.00000

   Energies (kJ/mol)
        LJ (SR)  Disper. corr.   Coulomb (SR)   Coul. recip.      Potential
    3.31074e+03   -1.73318e+02   -2.45067e+04    1.12920e+02   -2.12563e+04
    Kinetic En.   Total Energy  Conserved En.    Temperature Pres. DC (bar)
    3.80874e+03   -1.74476e+04   -1.68801e+04    3.00286e+02   -1.84418e+02
 Pressure (bar)
   -2.92666e+02

           Step           Time
          49000       98.00000

   Energies (kJ/mol)
        LJ (SR)  Disper. corr.   Coulomb (SR)   Coul. recip.      Potential
    3.07597e+03   -1.73318e+02   -2.40896e+04    1.37094e+02   -2.10499e+04
    Kinetic En.   Total Energy  Conserved En.    Temperature Pres. DC (bar)
    3.81745e+03   -1.72324e+04   -1.68776e+04    3.00973e+02   -1.84418e+02
 Pressure (bar)
   -7.66344e+02

           Step           Time
          49500       99.00000

   Energies (kJ/mol)
        LJ (SR)  Disper. corr.   Coulomb (SR)   Coul. recip.      Potential
    3.27236e+03   -1.73318e+02   -2.44429e+04    1.33497e+02   -2.12103e+04
    Kinetic En.   Total Energy  Conserved En.    Temperature Pres. DC (bar)
    3.88780e+03   -1.73225e+04   -1.68775e+04    3.06519e+02   -1.84418e+02
 Pressure (bar)
   -2.68403e+02

           Step           Time
          50000      100.00000

Writing checkpoint, step 50000 at Thu Feb  3 15:30:48 2022


   Energies (kJ/mol)
        LJ (SR)  Disper. corr.   Coulomb (SR)   Coul. recip.      Potential
    3.22520e+03   -1.73318e+02   -2.43929e+04    1.45977e+02   -2.11951e+04
    Kinetic En.   Total Energy  Conserved En.    Temperature Pres. DC (bar)
    3.89042e+03   -1.73047e+04   -1.68779e+04    3.06726e+02   -1.84418e+02
 Pressure (bar)
   -4.82843e+02


Energy conservation over simulation part #1 of length 100 ns, time 0 to 100 ns
  Conserved energy drift: 1.14e-04 kJ/mol/ps per atom


	<======  ###############  ==>
	<====  A V E R A G E S  ====>
	<==  ###############  ======>

	Statistics over 50001 steps using 501 frames

   Energies (kJ/mol)
        LJ (SR)  Disper. corr.   Coulomb (SR)   Coul. recip.      Potential
    3.24755e+03   -1.73318e+02   -2.42947e+04    1.33741e+02   -2.10867e+04
    Kinetic En.   Total Energy  Conserved En.    Temperature Pres. DC (bar)
    3.79721e+03   -1.72895e+04   -1.68764e+04    2.99377e+02   -1.84418e+02
 Pressure (bar)
   -2.12616e+02

   Total Virial (kJ/mol)
    1.36103e+03    1.86795e+00    3.76461e+00
    1.87244e+00    1.34928e+03    1.91301e+00
    3.75989e+00    1.89472e+00    1.38699e+03

   Pressure (bar)
   -2.05920e+02   -2.47794e+00   -5.35382e+00
   -2.48747e+00   -1.74734e+02   -2.05831e+00
   -5.34380e+00   -2.01945e+00   -2.57192e+02


       P P   -   P M E   L O A D   B A L A N C I N G

 NOTE: The PP/PME load balancing was limited by the box size,
       you might not have reached a good load balance.

 PP/PME load balancing changed the cut-off and PME settings:
           particle-particle                    PME
            rcoulomb  rlist            grid      spacing   1/beta
   initial  1.000 nm  1.002 nm      16  16  16   0.156 nm  0.320 nm
   final    1.000 nm  1.002 nm      16  16  16   0.156 nm  0.320 nm
 cost-ratio           1.00             1.00
 (note that these numbers concern only part of the total PP and PME load)


	M E G A - F L O P S   A C C O U N T I N G

 NB=Group-cutoff nonbonded kernels    NxN=N-by-N cluster Verlet kernels
 RF=Reaction-Field  VdW=Van der Waals  QSTab=quadratic-spline table
 W3=SPC/TIP3p  W4=TIP4p (single or pairs)
 V&F=Potential and force  V=Potential only  F=Force only

 Computing:                               M-Number         M-Flops  % Flops
-----------------------------------------------------------------------------
 Pair Search distance check              54.239952         488.160     0.0
 NxN QSTab Elec. + LJ [F]             77314.615488     3169899.235    98.2
 NxN QSTab Elec. + LJ [V&F]             782.508032       46167.974     1.4
 Shift-X                                  0.764526           4.587     0.0
 Virial                                   0.787071          14.167     0.0
 Stop-CM                                  0.766052           7.661     0.0
 Calc-Ekin                               15.263052         412.102     0.0
 Constraint-V                            76.203048         685.827     0.0
 Constraint-Vir                           0.763524          18.325     0.0
 Settle                                  25.401524        9398.564     0.3
-----------------------------------------------------------------------------
 Total                                                 3227096.602   100.0
-----------------------------------------------------------------------------


     R E A L   C Y C L E   A N D   T I M E   A C C O U N T I N G

On 1 MPI rank, each using 10 OpenMP threads

 Computing:          Num   Num      Call    Wall time         Giga-Cycles
                     Ranks Threads  Count      (s)         total sum    %
-----------------------------------------------------------------------------
 Neighbor search        1   10        501       0.703         16.822   1.3
 Launch GPU ops.        1   10      50001       3.024         72.400   5.5
 Force                  1   10      50001       0.046          1.097   0.1
 Wait PME GPU gather    1   10      50001       0.354          8.477   0.6
 Reduce GPU PME F       1   10      50001       4.060         97.213   7.4
 Wait GPU NB local                              0.290          6.953   0.5
 NB X/F buffer ops.     1   10      99501      32.924        788.319  59.9
 Write traj.            1   10        101       0.135          3.242   0.2
 Update                 1   10      50001      10.275        246.020  18.7
 Constraints            1   10      50003       2.210         52.926   4.0
 Rest                                           0.985         23.594   1.8
-----------------------------------------------------------------------------
 Total                                         55.007       1317.062 100.0
-----------------------------------------------------------------------------

               Core t (s)   Wall t (s)        (%)
       Time:      550.069       55.007     1000.0
                 (ns/day)    (hour/ns)
Performance:      157.073        0.153
Finished mdrun on rank 0 Thu Feb  3 15:30:48 2022

